Loading dataset: folio
Loading SBERT model
Processing example 1/203
Processing example 2/203
Processing example 3/203
Processing example 4/203
Processing example 5/203
Processing example 6/203
Processing example 7/203
Processing example 8/203
Processing example 9/203
Processing example 10/203
Processing example 11/203
Processing example 12/203
Processing example 13/203
Processing example 14/203
Processing example 15/203
Processing example 16/203
Processing example 17/203
Processing example 18/203
Processing example 19/203
Processing example 20/203
Processing example 21/203
Processing example 22/203
Processing example 23/203
Processing example 24/203
Processing example 25/203
Processing example 26/203
Processing example 27/203
Processing example 28/203
Processing example 29/203
Processing example 30/203
Processing example 31/203
Processing example 32/203
Processing example 33/203
Processing example 34/203
Processing example 35/203
Processing example 36/203
Processing example 37/203
Processing example 38/203
Processing example 39/203
Processing example 40/203
Processing example 41/203
Processing example 42/203
Processing example 43/203
Processing example 44/203
Processing example 45/203
Processing example 46/203
Processing example 47/203
Processing example 48/203
Processing example 49/203
Processing example 50/203
Processing example 51/203
Processing example 52/203
Processing example 53/203
Processing example 54/203
Processing example 55/203
Processing example 56/203
Processing example 57/203
Processing example 58/203
Processing example 59/203
Processing example 60/203
Processing example 61/203
Processing example 62/203
Processing example 63/203
Processing example 64/203
Processing example 65/203
Processing example 66/203
Processing example 67/203
Processing example 68/203
Processing example 69/203
Processing example 70/203
Processing example 71/203
Processing example 72/203
Processing example 73/203
Processing example 74/203
Processing example 75/203
Processing example 76/203
Processing example 77/203
Processing example 78/203
Processing example 79/203
Processing example 80/203
Processing example 81/203
Processing example 82/203
Processing example 83/203
Processing example 84/203
Processing example 85/203
Processing example 86/203
Processing example 87/203
Processing example 88/203
Processing example 89/203
Processing example 90/203
Processing example 91/203
Processing example 92/203
Processing example 93/203
Processing example 94/203
Processing example 95/203
Processing example 96/203
Processing example 97/203
Processing example 98/203
Processing example 99/203
Processing example 100/203
Processing example 101/203
Processing example 102/203
Processing example 103/203
Processing example 104/203
Processing example 105/203
Processing example 106/203
Processing example 107/203
Processing example 108/203
Processing example 109/203
Processing example 110/203
Processing example 111/203
Processing example 112/203
Processing example 113/203
Processing example 114/203
Processing example 115/203
Processing example 116/203
Processing example 117/203
Processing example 118/203
Processing example 119/203
Processing example 120/203
Processing example 121/203
Processing example 122/203
Processing example 123/203
Processing example 124/203
Processing example 125/203
Processing example 126/203
Processing example 127/203
Processing example 128/203
Processing example 129/203
Processing example 130/203
Processing example 131/203
Processing example 132/203
Processing example 133/203
Processing example 134/203
Processing example 135/203
Processing example 136/203
Processing example 137/203
Processing example 138/203
Processing example 139/203
Processing example 140/203
Processing example 141/203
Processing example 142/203
Processing example 143/203
Processing example 144/203
Processing example 145/203
Processing example 146/203
Processing example 147/203
Processing example 148/203
Processing example 149/203
Processing example 150/203
Processing example 151/203
Processing example 152/203
Processing example 153/203
Processing example 154/203
Processing example 155/203
Processing example 156/203
Processing example 157/203
Processing example 158/203
Processing example 159/203
Processing example 160/203
Processing example 161/203
Processing example 162/203
Processing example 163/203
Processing example 164/203
Processing example 165/203
Processing example 166/203
Processing example 167/203
Processing example 168/203
Processing example 169/203
Processing example 170/203
Processing example 171/203
Processing example 172/203
Processing example 173/203
Processing example 174/203
Processing example 175/203
Processing example 176/203
Processing example 177/203
Processing example 178/203
Processing example 179/203
Processing example 180/203
Processing example 181/203
Processing example 182/203
Processing example 183/203
Processing example 184/203
Processing example 185/203
Processing example 186/203
Processing example 187/203
Processing example 188/203
Processing example 189/203
Processing example 190/203
Processing example 191/203
Processing example 192/203
Processing example 193/203
Processing example 194/203
Processing example 195/203
Processing example 196/203
Processing example 197/203
Processing example 198/203
Processing example 199/203
Processing example 200/203
Processing example 201/203
Processing example 202/203
Processing example 203/203
Evaluating results

==================================================
Results for folio
==================================================

Overall Metrics:
  Accuracy:  0.108
  Precision: 0.158
  Recall:    0.045
  F1 Score:  0.062

Per-Class Metrics:
  Contradicted:
    Precision: 0.000
    Recall:    0.000
    F1:        0.000
  Entailed:
    Precision: 0.000
    Recall:    0.000
    F1:        0.000
  False:
    Precision: 0.667
    Recall:    0.065
    F1:        0.118
  Notmentioned:
    Precision: 0.000
    Recall:    0.000
    F1:        0.000
  True:
    Precision: 0.439
    Recall:    0.250
    F1:        0.319
  Uncertain:
    Precision: 0.000
    Recall:    0.000
    F1:        0.000
  Unknown:
    Precision: 0.000
    Recall:    0.000
    F1:        0.000
Results saved to results.json
